2023-02-04 11:44:11,938 - mmcls - INFO - Environment info:
------------------------------------------------------------
sys.platform: linux
Python: 3.8.16 | packaged by conda-forge | (default, Feb  1 2023, 16:01:55) [GCC 11.3.0]
CUDA available: True
GPU 0: NVIDIA GeForce RTX 3080 Laptop GPU
CUDA_HOME: /usr/local/cuda
NVCC: Cuda compilation tools, release 11.3, V11.3.58
GCC: gcc (Ubuntu 9.4.0-1ubuntu1~20.04.1) 9.4.0
PyTorch: 1.12.1
PyTorch compiling details: PyTorch built with:
  - GCC 9.3
  - C++ Version: 201402
  - Intel(R) oneAPI Math Kernel Library Version 2021.4-Product Build 20210904 for Intel(R) 64 architecture applications
  - Intel(R) MKL-DNN v2.6.0 (Git Hash 52b5f107dd9cf10910aaa19cb47f3abf9b349815)
  - OpenMP 201511 (a.k.a. OpenMP 4.5)
  - LAPACK is enabled (usually provided by MKL)
  - NNPACK is enabled
  - CPU capability usage: AVX2
  - CUDA Runtime 11.3
  - NVCC architecture flags: -gencode;arch=compute_37,code=sm_37;-gencode;arch=compute_50,code=sm_50;-gencode;arch=compute_60,code=sm_60;-gencode;arch=compute_61,code=sm_61;-gencode;arch=compute_70,code=sm_70;-gencode;arch=compute_75,code=sm_75;-gencode;arch=compute_80,code=sm_80;-gencode;arch=compute_86,code=sm_86;-gencode;arch=compute_37,code=compute_37
  - CuDNN 8.3.2  (built against CUDA 11.5)
  - Magma 2.5.2
  - Build settings: BLAS_INFO=mkl, BUILD_TYPE=Release, CUDA_VERSION=11.3, CUDNN_VERSION=8.3.2, CXX_COMPILER=/opt/rh/devtoolset-9/root/usr/bin/c++, CXX_FLAGS= -fabi-version=11 -Wno-deprecated -fvisibility-inlines-hidden -DUSE_PTHREADPOOL -fopenmp -DNDEBUG -DUSE_KINETO -DUSE_FBGEMM -DUSE_QNNPACK -DUSE_PYTORCH_QNNPACK -DUSE_XNNPACK -DSYMBOLICATE_MOBILE_DEBUG_HANDLE -DEDGE_PROFILER_USE_KINETO -O2 -fPIC -Wno-narrowing -Wall -Wextra -Werror=return-type -Wno-missing-field-initializers -Wno-type-limits -Wno-array-bounds -Wno-unknown-pragmas -Wno-unused-parameter -Wno-unused-function -Wno-unused-result -Wno-unused-local-typedefs -Wno-strict-overflow -Wno-strict-aliasing -Wno-error=deprecated-declarations -Wno-stringop-overflow -Wno-psabi -Wno-error=pedantic -Wno-error=redundant-decls -Wno-error=old-style-cast -fdiagnostics-color=always -faligned-new -Wno-unused-but-set-variable -Wno-maybe-uninitialized -fno-math-errno -fno-trapping-math -Werror=format -Werror=cast-function-type -Wno-stringop-overflow, LAPACK_INFO=mkl, PERF_WITH_AVX=1, PERF_WITH_AVX2=1, PERF_WITH_AVX512=1, TORCH_VERSION=1.12.1, USE_CUDA=ON, USE_CUDNN=ON, USE_EXCEPTION_PTR=1, USE_GFLAGS=OFF, USE_GLOG=OFF, USE_MKL=ON, USE_MKLDNN=OFF, USE_MPI=OFF, USE_NCCL=ON, USE_NNPACK=ON, USE_OPENMP=ON, USE_ROCM=OFF, 

TorchVision: 0.13.1
OpenCV: 4.7.0
MMCV: 1.7.1
MMCV Compiler: GCC 9.3
MMCV CUDA Compiler: 11.3
MMClassification: 0.25.0+3d4f80d
------------------------------------------------------------

2023-02-04 11:44:11,938 - mmcls - INFO - Distributed training: False
2023-02-04 11:44:12,036 - mmcls - INFO - Config:
model = dict(
    type='ImageClassifier',
    backbone=dict(
        type='ResNet',
        depth=18,
        num_stages=4,
        out_indices=(3, ),
        style='pytorch'),
    neck=dict(type='GlobalAveragePooling'),
    head=dict(
        type='LinearClsHead',
        num_classes=5,
        in_channels=512,
        loss=dict(type='CrossEntropyLoss', loss_weight=1.0),
        topk=(1, )))
dataset_type = 'ImageNet'
img_norm_cfg = dict(
    mean=[123.675, 116.28, 103.53], std=[58.395, 57.12, 57.375], to_rgb=True)
train_pipeline = [
    dict(type='LoadImageFromFile'),
    dict(type='RandomResizedCrop', size=224),
    dict(type='RandomFlip', flip_prob=0.5, direction='horizontal'),
    dict(
        type='Normalize',
        mean=[123.675, 116.28, 103.53],
        std=[58.395, 57.12, 57.375],
        to_rgb=True),
    dict(type='ImageToTensor', keys=['img']),
    dict(type='ToTensor', keys=['gt_label']),
    dict(type='Collect', keys=['img', 'gt_label'])
]
test_pipeline = [
    dict(type='LoadImageFromFile'),
    dict(type='Resize', size=(256, -1)),
    dict(type='CenterCrop', crop_size=224),
    dict(
        type='Normalize',
        mean=[123.675, 116.28, 103.53],
        std=[58.395, 57.12, 57.375],
        to_rgb=True),
    dict(type='ImageToTensor', keys=['img']),
    dict(type='Collect', keys=['img'])
]
data = dict(
    samples_per_gpu=32,
    workers_per_gpu=2,
    train=dict(
        type='ImageNet',
        data_prefix='data/flower_dataset/train',
        pipeline=[
            dict(type='LoadImageFromFile'),
            dict(type='RandomResizedCrop', size=224),
            dict(type='RandomFlip', flip_prob=0.5, direction='horizontal'),
            dict(
                type='Normalize',
                mean=[123.675, 116.28, 103.53],
                std=[58.395, 57.12, 57.375],
                to_rgb=True),
            dict(type='ImageToTensor', keys=['img']),
            dict(type='ToTensor', keys=['gt_label']),
            dict(type='Collect', keys=['img', 'gt_label'])
        ],
        ann_file='data/flower_dataset/train.txt',
        classes='data/flower_dataset/classes.txt'),
    val=dict(
        type='ImageNet',
        data_prefix='data/flower_dataset/val',
        ann_file='data/flower_dataset/val.txt',
        pipeline=[
            dict(type='LoadImageFromFile'),
            dict(type='Resize', size=(256, -1)),
            dict(type='CenterCrop', crop_size=224),
            dict(
                type='Normalize',
                mean=[123.675, 116.28, 103.53],
                std=[58.395, 57.12, 57.375],
                to_rgb=True),
            dict(type='ImageToTensor', keys=['img']),
            dict(type='Collect', keys=['img'])
        ],
        classes='data/flower_dataset/classes.txt'),
    test=dict(
        type='ImageNet',
        data_prefix='data/imagenet/val',
        ann_file='data/imagenet/meta/val.txt',
        pipeline=[
            dict(type='LoadImageFromFile'),
            dict(type='Resize', size=(256, -1)),
            dict(type='CenterCrop', crop_size=224),
            dict(
                type='Normalize',
                mean=[123.675, 116.28, 103.53],
                std=[58.395, 57.12, 57.375],
                to_rgb=True),
            dict(type='ImageToTensor', keys=['img']),
            dict(type='Collect', keys=['img'])
        ]))
evaluation = dict(
    interval=1, metric='accuracy', metric_options=dict(topk=(1, )))
optimizer = dict(type='SGD', lr=0.001, momentum=0.9, weight_decay=0.0001)
optimizer_config = dict(grad_clip=None)
lr_config = dict(policy='step', step=[100, 120])
runner = dict(type='EpochBasedRunner', max_epochs=150)
checkpoint_config = dict(interval=1)
log_config = dict(interval=100, hooks=[dict(type='TextLoggerHook')])
dist_params = dict(backend='nccl')
log_level = 'INFO'
load_from = '/home/user/anaconda3/envs/mmlab1/mmclassification/ckeckpoints/resnet18_batch256_imagenet_20200708-34ab8f90.pth'
resume_from = None
workflow = [('train', 1)]
work_dir = 'work-dir/flower'
gpu_ids = [0]

2023-02-04 11:44:12,037 - mmcls - INFO - Set random seed to 1838250128, deterministic: False
2023-02-04 11:44:12,851 - mmcls - INFO - load checkpoint from local path: /home/user/anaconda3/envs/mmlab1/mmclassification/ckeckpoints/resnet18_batch256_imagenet_20200708-34ab8f90.pth
2023-02-04 11:44:12,871 - mmcls - WARNING - The model and loaded state dict do not match exactly

size mismatch for head.fc.weight: copying a param with shape torch.Size([1000, 512]) from checkpoint, the shape in current model is torch.Size([5, 512]).
size mismatch for head.fc.bias: copying a param with shape torch.Size([1000]) from checkpoint, the shape in current model is torch.Size([5]).
2023-02-04 11:44:12,871 - mmcls - INFO - Start running, host: user@user, work_dir: /home/user/anaconda3/envs/mmlab1/mmclassification/work-dir/flower
2023-02-04 11:44:12,871 - mmcls - INFO - Hooks will be executed in the following order:
before_run:
(VERY_HIGH   ) StepLrUpdaterHook                  
(NORMAL      ) CheckpointHook                     
(LOW         ) EvalHook                           
(VERY_LOW    ) TextLoggerHook                     
 -------------------- 
before_train_epoch:
(VERY_HIGH   ) StepLrUpdaterHook                  
(LOW         ) IterTimerHook                      
(LOW         ) EvalHook                           
(VERY_LOW    ) TextLoggerHook                     
 -------------------- 
before_train_iter:
(VERY_HIGH   ) StepLrUpdaterHook                  
(LOW         ) IterTimerHook                      
(LOW         ) EvalHook                           
 -------------------- 
after_train_iter:
(ABOVE_NORMAL) OptimizerHook                      
(NORMAL      ) CheckpointHook                     
(LOW         ) IterTimerHook                      
(LOW         ) EvalHook                           
(VERY_LOW    ) TextLoggerHook                     
 -------------------- 
after_train_epoch:
(NORMAL      ) CheckpointHook                     
(LOW         ) EvalHook                           
(VERY_LOW    ) TextLoggerHook                     
 -------------------- 
before_val_epoch:
(LOW         ) IterTimerHook                      
(VERY_LOW    ) TextLoggerHook                     
 -------------------- 
before_val_iter:
(LOW         ) IterTimerHook                      
 -------------------- 
after_val_iter:
(LOW         ) IterTimerHook                      
 -------------------- 
after_val_epoch:
(VERY_LOW    ) TextLoggerHook                     
 -------------------- 
after_run:
(VERY_LOW    ) TextLoggerHook                     
 -------------------- 
2023-02-04 11:44:12,871 - mmcls - INFO - workflow: [('train', 1)], max: 150 epochs
2023-02-04 11:44:12,871 - mmcls - INFO - Checkpoints will be saved to /home/lei/anaconda3/envs/mmlab1/mmclassification/work-dir/flower by HardDiskBackend.
2023-02-04 11:44:21,073 - mmcls - INFO - Saving checkpoint at 1 epochs
2023-02-04 11:44:21,774 - mmcls - INFO - Epoch(val) [1][18]	accuracy_top-1: 88.9860
2023-02-04 11:44:27,445 - mmcls - INFO - Saving checkpoint at 2 epochs
2023-02-04 11:44:28,096 - mmcls - INFO - Epoch(val) [2][18]	accuracy_top-1: 92.4825
2023-02-04 11:44:33,773 - mmcls - INFO - Saving checkpoint at 3 epochs
2023-02-04 11:44:34,427 - mmcls - INFO - Epoch(val) [3][18]	accuracy_top-1: 92.6573
2023-02-04 11:44:40,158 - mmcls - INFO - Saving checkpoint at 4 epochs
2023-02-04 11:44:40,817 - mmcls - INFO - Epoch(val) [4][18]	accuracy_top-1: 93.0070
2023-02-04 11:44:47,123 - mmcls - INFO - Saving checkpoint at 5 epochs
2023-02-04 11:44:47,777 - mmcls - INFO - Epoch(val) [5][18]	accuracy_top-1: 92.8322
2023-02-04 11:44:53,721 - mmcls - INFO - Saving checkpoint at 6 epochs
2023-02-04 11:44:54,368 - mmcls - INFO - Epoch(val) [6][18]	accuracy_top-1: 92.8322
2023-02-04 11:45:00,583 - mmcls - INFO - Saving checkpoint at 7 epochs
2023-02-04 11:45:01,273 - mmcls - INFO - Epoch(val) [7][18]	accuracy_top-1: 93.8811
2023-02-04 11:45:07,138 - mmcls - INFO - Saving checkpoint at 8 epochs
2023-02-04 11:45:07,787 - mmcls - INFO - Epoch(val) [8][18]	accuracy_top-1: 94.0559
2023-02-04 11:45:13,715 - mmcls - INFO - Saving checkpoint at 9 epochs
2023-02-04 11:45:14,370 - mmcls - INFO - Epoch(val) [9][18]	accuracy_top-1: 94.9301
2023-02-04 11:45:20,193 - mmcls - INFO - Saving checkpoint at 10 epochs
2023-02-04 11:45:20,844 - mmcls - INFO - Epoch(val) [10][18]	accuracy_top-1: 95.1049
2023-02-04 11:45:26,665 - mmcls - INFO - Saving checkpoint at 11 epochs
2023-02-04 11:45:27,333 - mmcls - INFO - Epoch(val) [11][18]	accuracy_top-1: 93.8811
2023-02-04 11:45:33,311 - mmcls - INFO - Saving checkpoint at 12 epochs
2023-02-04 11:45:33,972 - mmcls - INFO - Epoch(val) [12][18]	accuracy_top-1: 93.5315
2023-02-04 11:45:39,705 - mmcls - INFO - Saving checkpoint at 13 epochs
2023-02-04 11:45:40,362 - mmcls - INFO - Epoch(val) [13][18]	accuracy_top-1: 95.2797
2023-02-04 11:45:46,466 - mmcls - INFO - Saving checkpoint at 14 epochs
2023-02-04 11:45:47,121 - mmcls - INFO - Epoch(val) [14][18]	accuracy_top-1: 94.5804
2023-02-04 11:45:53,131 - mmcls - INFO - Saving checkpoint at 15 epochs
2023-02-04 11:45:53,794 - mmcls - INFO - Epoch(val) [15][18]	accuracy_top-1: 93.7063
2023-02-04 11:45:59,688 - mmcls - INFO - Saving checkpoint at 16 epochs
2023-02-04 11:46:00,354 - mmcls - INFO - Epoch(val) [16][18]	accuracy_top-1: 94.5804
2023-02-04 11:46:06,079 - mmcls - INFO - Saving checkpoint at 17 epochs
2023-02-04 11:46:06,731 - mmcls - INFO - Epoch(val) [17][18]	accuracy_top-1: 94.9301
2023-02-04 11:46:12,461 - mmcls - INFO - Saving checkpoint at 18 epochs
2023-02-04 11:46:13,108 - mmcls - INFO - Epoch(val) [18][18]	accuracy_top-1: 94.4056
2023-02-04 11:46:18,828 - mmcls - INFO - Saving checkpoint at 19 epochs
2023-02-04 11:46:19,498 - mmcls - INFO - Epoch(val) [19][18]	accuracy_top-1: 94.0559
2023-02-04 11:46:25,224 - mmcls - INFO - Saving checkpoint at 20 epochs
2023-02-04 11:46:25,870 - mmcls - INFO - Epoch(val) [20][18]	accuracy_top-1: 94.4056
2023-02-04 11:46:31,587 - mmcls - INFO - Saving checkpoint at 21 epochs
2023-02-04 11:46:32,234 - mmcls - INFO - Epoch(val) [21][18]	accuracy_top-1: 95.2797
2023-02-04 11:46:37,949 - mmcls - INFO - Saving checkpoint at 22 epochs
2023-02-04 11:46:38,634 - mmcls - INFO - Epoch(val) [22][18]	accuracy_top-1: 94.5804
2023-02-04 11:46:44,360 - mmcls - INFO - Saving checkpoint at 23 epochs
2023-02-04 11:46:45,037 - mmcls - INFO - Epoch(val) [23][18]	accuracy_top-1: 95.2797
2023-02-04 11:46:50,755 - mmcls - INFO - Saving checkpoint at 24 epochs
2023-02-04 11:46:51,402 - mmcls - INFO - Epoch(val) [24][18]	accuracy_top-1: 95.2797
2023-02-04 11:46:57,134 - mmcls - INFO - Saving checkpoint at 25 epochs
2023-02-04 11:46:57,785 - mmcls - INFO - Epoch(val) [25][18]	accuracy_top-1: 95.4545
2023-02-04 11:47:03,507 - mmcls - INFO - Saving checkpoint at 26 epochs
2023-02-04 11:47:04,159 - mmcls - INFO - Epoch(val) [26][18]	accuracy_top-1: 95.6294
2023-02-04 11:47:09,866 - mmcls - INFO - Saving checkpoint at 27 epochs
2023-02-04 11:47:10,516 - mmcls - INFO - Epoch(val) [27][18]	accuracy_top-1: 95.1049
2023-02-04 11:47:16,243 - mmcls - INFO - Saving checkpoint at 28 epochs
2023-02-04 11:47:16,892 - mmcls - INFO - Epoch(val) [28][18]	accuracy_top-1: 95.1049
2023-02-04 11:47:22,613 - mmcls - INFO - Saving checkpoint at 29 epochs
2023-02-04 11:47:23,259 - mmcls - INFO - Epoch(val) [29][18]	accuracy_top-1: 95.4545
2023-02-04 11:47:28,981 - mmcls - INFO - Saving checkpoint at 30 epochs
2023-02-04 11:47:29,630 - mmcls - INFO - Epoch(val) [30][18]	accuracy_top-1: 95.4545
2023-02-04 11:47:35,357 - mmcls - INFO - Saving checkpoint at 31 epochs
2023-02-04 11:47:36,026 - mmcls - INFO - Epoch(val) [31][18]	accuracy_top-1: 95.2797
2023-02-04 11:47:41,746 - mmcls - INFO - Saving checkpoint at 32 epochs
2023-02-04 11:47:42,393 - mmcls - INFO - Epoch(val) [32][18]	accuracy_top-1: 94.7552
2023-02-04 11:47:48,129 - mmcls - INFO - Saving checkpoint at 33 epochs
2023-02-04 11:47:48,781 - mmcls - INFO - Epoch(val) [33][18]	accuracy_top-1: 95.1049
2023-02-04 11:47:54,497 - mmcls - INFO - Saving checkpoint at 34 epochs
2023-02-04 11:47:55,152 - mmcls - INFO - Epoch(val) [34][18]	accuracy_top-1: 95.4545
2023-02-04 11:48:00,870 - mmcls - INFO - Saving checkpoint at 35 epochs
2023-02-04 11:48:01,518 - mmcls - INFO - Epoch(val) [35][18]	accuracy_top-1: 94.7552
2023-02-04 11:48:07,242 - mmcls - INFO - Saving checkpoint at 36 epochs
2023-02-04 11:48:07,888 - mmcls - INFO - Epoch(val) [36][18]	accuracy_top-1: 95.2797
2023-02-04 11:48:13,603 - mmcls - INFO - Saving checkpoint at 37 epochs
2023-02-04 11:48:14,254 - mmcls - INFO - Epoch(val) [37][18]	accuracy_top-1: 95.4545
2023-02-04 11:48:19,975 - mmcls - INFO - Saving checkpoint at 38 epochs
2023-02-04 11:48:20,707 - mmcls - INFO - Epoch(val) [38][18]	accuracy_top-1: 94.9301
2023-02-04 11:48:26,424 - mmcls - INFO - Saving checkpoint at 39 epochs
2023-02-04 11:48:27,145 - mmcls - INFO - Epoch(val) [39][18]	accuracy_top-1: 95.6294
2023-02-04 11:48:32,870 - mmcls - INFO - Saving checkpoint at 40 epochs
2023-02-04 11:48:33,520 - mmcls - INFO - Epoch(val) [40][18]	accuracy_top-1: 95.2797
2023-02-04 11:48:39,243 - mmcls - INFO - Saving checkpoint at 41 epochs
2023-02-04 11:48:39,894 - mmcls - INFO - Epoch(val) [41][18]	accuracy_top-1: 95.2797
2023-02-04 11:48:45,875 - mmcls - INFO - Saving checkpoint at 42 epochs
2023-02-04 11:48:46,523 - mmcls - INFO - Epoch(val) [42][18]	accuracy_top-1: 95.8042
2023-02-04 11:48:52,247 - mmcls - INFO - Saving checkpoint at 43 epochs
2023-02-04 11:48:52,892 - mmcls - INFO - Epoch(val) [43][18]	accuracy_top-1: 95.6294
2023-02-04 11:48:58,617 - mmcls - INFO - Saving checkpoint at 44 epochs
2023-02-04 11:48:59,261 - mmcls - INFO - Epoch(val) [44][18]	accuracy_top-1: 95.9790
2023-02-04 11:49:04,984 - mmcls - INFO - Saving checkpoint at 45 epochs
2023-02-04 11:49:05,632 - mmcls - INFO - Epoch(val) [45][18]	accuracy_top-1: 96.3287
2023-02-04 11:49:11,351 - mmcls - INFO - Saving checkpoint at 46 epochs
2023-02-04 11:49:12,002 - mmcls - INFO - Epoch(val) [46][18]	accuracy_top-1: 95.8042
2023-02-04 11:49:17,719 - mmcls - INFO - Saving checkpoint at 47 epochs
2023-02-04 11:49:18,370 - mmcls - INFO - Epoch(val) [47][18]	accuracy_top-1: 95.9790
2023-02-04 11:49:24,092 - mmcls - INFO - Saving checkpoint at 48 epochs
2023-02-04 11:49:24,743 - mmcls - INFO - Epoch(val) [48][18]	accuracy_top-1: 94.7552
2023-02-04 11:49:30,472 - mmcls - INFO - Saving checkpoint at 49 epochs
2023-02-04 11:49:31,130 - mmcls - INFO - Epoch(val) [49][18]	accuracy_top-1: 95.4545
2023-02-04 11:49:36,848 - mmcls - INFO - Saving checkpoint at 50 epochs
2023-02-04 11:49:37,502 - mmcls - INFO - Epoch(val) [50][18]	accuracy_top-1: 95.2797
2023-02-04 11:49:43,232 - mmcls - INFO - Saving checkpoint at 51 epochs
2023-02-04 11:49:43,882 - mmcls - INFO - Epoch(val) [51][18]	accuracy_top-1: 95.6294
2023-02-04 11:49:49,606 - mmcls - INFO - Saving checkpoint at 52 epochs
2023-02-04 11:49:50,252 - mmcls - INFO - Epoch(val) [52][18]	accuracy_top-1: 96.5035
2023-02-04 11:49:55,974 - mmcls - INFO - Saving checkpoint at 53 epochs
2023-02-04 11:49:56,628 - mmcls - INFO - Epoch(val) [53][18]	accuracy_top-1: 95.9790
2023-02-04 11:50:02,357 - mmcls - INFO - Saving checkpoint at 54 epochs
2023-02-04 11:50:03,002 - mmcls - INFO - Epoch(val) [54][18]	accuracy_top-1: 95.8042
2023-02-04 11:50:08,724 - mmcls - INFO - Saving checkpoint at 55 epochs
2023-02-04 11:50:09,372 - mmcls - INFO - Epoch(val) [55][18]	accuracy_top-1: 95.6294
2023-02-04 11:50:15,094 - mmcls - INFO - Saving checkpoint at 56 epochs
2023-02-04 11:50:15,747 - mmcls - INFO - Epoch(val) [56][18]	accuracy_top-1: 95.6294
2023-02-04 11:50:21,476 - mmcls - INFO - Saving checkpoint at 57 epochs
2023-02-04 11:50:22,131 - mmcls - INFO - Epoch(val) [57][18]	accuracy_top-1: 95.2797
2023-02-04 11:50:27,860 - mmcls - INFO - Saving checkpoint at 58 epochs
2023-02-04 11:50:28,526 - mmcls - INFO - Epoch(val) [58][18]	accuracy_top-1: 95.2797
2023-02-04 11:50:34,252 - mmcls - INFO - Saving checkpoint at 59 epochs
2023-02-04 11:50:34,900 - mmcls - INFO - Epoch(val) [59][18]	accuracy_top-1: 95.8042
2023-02-04 11:50:40,623 - mmcls - INFO - Saving checkpoint at 60 epochs
2023-02-04 11:50:41,271 - mmcls - INFO - Epoch(val) [60][18]	accuracy_top-1: 95.4545
2023-02-04 11:50:46,994 - mmcls - INFO - Saving checkpoint at 61 epochs
2023-02-04 11:50:47,644 - mmcls - INFO - Epoch(val) [61][18]	accuracy_top-1: 96.3287
2023-02-04 11:50:53,376 - mmcls - INFO - Saving checkpoint at 62 epochs
2023-02-04 11:50:54,033 - mmcls - INFO - Epoch(val) [62][18]	accuracy_top-1: 95.1049
2023-02-04 11:50:59,769 - mmcls - INFO - Saving checkpoint at 63 epochs
2023-02-04 11:51:00,425 - mmcls - INFO - Epoch(val) [63][18]	accuracy_top-1: 95.2797
2023-02-04 11:51:06,148 - mmcls - INFO - Saving checkpoint at 64 epochs
2023-02-04 11:51:06,808 - mmcls - INFO - Epoch(val) [64][18]	accuracy_top-1: 95.4545
2023-02-04 11:51:12,536 - mmcls - INFO - Saving checkpoint at 65 epochs
2023-02-04 11:51:13,183 - mmcls - INFO - Epoch(val) [65][18]	accuracy_top-1: 95.4545
2023-02-04 11:51:18,910 - mmcls - INFO - Saving checkpoint at 66 epochs
2023-02-04 11:51:19,557 - mmcls - INFO - Epoch(val) [66][18]	accuracy_top-1: 95.9790
2023-02-04 11:51:25,279 - mmcls - INFO - Saving checkpoint at 67 epochs
2023-02-04 11:51:25,984 - mmcls - INFO - Epoch(val) [67][18]	accuracy_top-1: 95.9790
2023-02-04 11:51:31,705 - mmcls - INFO - Saving checkpoint at 68 epochs
2023-02-04 11:51:32,356 - mmcls - INFO - Epoch(val) [68][18]	accuracy_top-1: 95.6294
2023-02-04 11:51:38,074 - mmcls - INFO - Saving checkpoint at 69 epochs
2023-02-04 11:51:38,726 - mmcls - INFO - Epoch(val) [69][18]	accuracy_top-1: 95.9790
2023-02-04 11:51:44,459 - mmcls - INFO - Saving checkpoint at 70 epochs
2023-02-04 11:51:45,124 - mmcls - INFO - Epoch(val) [70][18]	accuracy_top-1: 95.4545
2023-02-04 11:51:50,845 - mmcls - INFO - Saving checkpoint at 71 epochs
2023-02-04 11:51:51,494 - mmcls - INFO - Epoch(val) [71][18]	accuracy_top-1: 95.8042
2023-02-04 11:51:57,219 - mmcls - INFO - Saving checkpoint at 72 epochs
2023-02-04 11:51:57,866 - mmcls - INFO - Epoch(val) [72][18]	accuracy_top-1: 95.4545
2023-02-04 11:52:03,604 - mmcls - INFO - Saving checkpoint at 73 epochs
2023-02-04 11:52:04,253 - mmcls - INFO - Epoch(val) [73][18]	accuracy_top-1: 95.8042
2023-02-04 11:52:09,988 - mmcls - INFO - Saving checkpoint at 74 epochs
2023-02-04 11:52:10,635 - mmcls - INFO - Epoch(val) [74][18]	accuracy_top-1: 96.1538
2023-02-04 11:52:16,364 - mmcls - INFO - Saving checkpoint at 75 epochs
2023-02-04 11:52:17,007 - mmcls - INFO - Epoch(val) [75][18]	accuracy_top-1: 96.1538
2023-02-04 11:52:22,741 - mmcls - INFO - Saving checkpoint at 76 epochs
2023-02-04 11:52:23,385 - mmcls - INFO - Epoch(val) [76][18]	accuracy_top-1: 96.5035
2023-02-04 11:52:29,118 - mmcls - INFO - Saving checkpoint at 77 epochs
2023-02-04 11:52:29,766 - mmcls - INFO - Epoch(val) [77][18]	accuracy_top-1: 94.5804
2023-02-04 11:52:35,492 - mmcls - INFO - Saving checkpoint at 78 epochs
2023-02-04 11:52:36,141 - mmcls - INFO - Epoch(val) [78][18]	accuracy_top-1: 95.4545
2023-02-04 11:52:41,863 - mmcls - INFO - Saving checkpoint at 79 epochs
2023-02-04 11:52:42,510 - mmcls - INFO - Epoch(val) [79][18]	accuracy_top-1: 95.8042
2023-02-04 11:52:48,238 - mmcls - INFO - Saving checkpoint at 80 epochs
2023-02-04 11:52:48,888 - mmcls - INFO - Epoch(val) [80][18]	accuracy_top-1: 95.8042
2023-02-04 11:52:54,614 - mmcls - INFO - Saving checkpoint at 81 epochs
2023-02-04 11:52:55,265 - mmcls - INFO - Epoch(val) [81][18]	accuracy_top-1: 95.8042
2023-02-04 11:53:00,998 - mmcls - INFO - Saving checkpoint at 82 epochs
2023-02-04 11:53:01,649 - mmcls - INFO - Epoch(val) [82][18]	accuracy_top-1: 95.4545
2023-02-04 11:53:07,384 - mmcls - INFO - Saving checkpoint at 83 epochs
2023-02-04 11:53:08,044 - mmcls - INFO - Epoch(val) [83][18]	accuracy_top-1: 95.6294
2023-02-04 11:53:13,767 - mmcls - INFO - Saving checkpoint at 84 epochs
2023-02-04 11:53:14,423 - mmcls - INFO - Epoch(val) [84][18]	accuracy_top-1: 95.8042
2023-02-04 11:53:20,153 - mmcls - INFO - Saving checkpoint at 85 epochs
2023-02-04 11:53:20,800 - mmcls - INFO - Epoch(val) [85][18]	accuracy_top-1: 95.2797
2023-02-04 11:53:26,534 - mmcls - INFO - Saving checkpoint at 86 epochs
2023-02-04 11:53:27,183 - mmcls - INFO - Epoch(val) [86][18]	accuracy_top-1: 95.9790
2023-02-04 11:53:32,906 - mmcls - INFO - Saving checkpoint at 87 epochs
2023-02-04 11:53:33,558 - mmcls - INFO - Epoch(val) [87][18]	accuracy_top-1: 95.1049
2023-02-04 11:53:39,283 - mmcls - INFO - Saving checkpoint at 88 epochs
2023-02-04 11:53:39,942 - mmcls - INFO - Epoch(val) [88][18]	accuracy_top-1: 94.7552
2023-02-04 11:53:45,670 - mmcls - INFO - Saving checkpoint at 89 epochs
2023-02-04 11:53:46,328 - mmcls - INFO - Epoch(val) [89][18]	accuracy_top-1: 94.5804
2023-02-04 11:53:52,060 - mmcls - INFO - Saving checkpoint at 90 epochs
2023-02-04 11:53:52,718 - mmcls - INFO - Epoch(val) [90][18]	accuracy_top-1: 95.1049
2023-02-04 11:53:58,438 - mmcls - INFO - Saving checkpoint at 91 epochs
2023-02-04 11:53:59,090 - mmcls - INFO - Epoch(val) [91][18]	accuracy_top-1: 95.4545
2023-02-04 11:54:04,823 - mmcls - INFO - Saving checkpoint at 92 epochs
2023-02-04 11:54:05,479 - mmcls - INFO - Epoch(val) [92][18]	accuracy_top-1: 95.4545
2023-02-04 11:54:11,205 - mmcls - INFO - Saving checkpoint at 93 epochs
2023-02-04 11:54:11,857 - mmcls - INFO - Epoch(val) [93][18]	accuracy_top-1: 95.9790
2023-02-04 11:54:17,582 - mmcls - INFO - Saving checkpoint at 94 epochs
2023-02-04 11:54:18,245 - mmcls - INFO - Epoch(val) [94][18]	accuracy_top-1: 96.3287
2023-02-04 11:54:23,972 - mmcls - INFO - Saving checkpoint at 95 epochs
2023-02-04 11:54:24,630 - mmcls - INFO - Epoch(val) [95][18]	accuracy_top-1: 95.4545
2023-02-04 11:54:30,367 - mmcls - INFO - Saving checkpoint at 96 epochs
2023-02-04 11:54:31,014 - mmcls - INFO - Epoch(val) [96][18]	accuracy_top-1: 94.9301
2023-02-04 11:54:36,746 - mmcls - INFO - Saving checkpoint at 97 epochs
2023-02-04 11:54:37,401 - mmcls - INFO - Epoch(val) [97][18]	accuracy_top-1: 94.9301
2023-02-04 11:54:43,254 - mmcls - INFO - Saving checkpoint at 98 epochs
2023-02-04 11:54:43,934 - mmcls - INFO - Epoch(val) [98][18]	accuracy_top-1: 95.4545
2023-02-04 11:54:49,668 - mmcls - INFO - Saving checkpoint at 99 epochs
2023-02-04 11:54:50,314 - mmcls - INFO - Epoch(val) [99][18]	accuracy_top-1: 95.8042
2023-02-04 11:54:56,048 - mmcls - INFO - Saving checkpoint at 100 epochs
2023-02-04 11:54:56,703 - mmcls - INFO - Epoch(val) [100][18]	accuracy_top-1: 95.8042
2023-02-04 11:55:02,478 - mmcls - INFO - Saving checkpoint at 101 epochs
2023-02-04 11:55:03,135 - mmcls - INFO - Epoch(val) [101][18]	accuracy_top-1: 95.9790
2023-02-04 11:55:09,131 - mmcls - INFO - Saving checkpoint at 102 epochs
2023-02-04 11:55:09,782 - mmcls - INFO - Epoch(val) [102][18]	accuracy_top-1: 96.1538
2023-02-04 11:55:16,005 - mmcls - INFO - Saving checkpoint at 103 epochs
2023-02-04 11:55:16,676 - mmcls - INFO - Epoch(val) [103][18]	accuracy_top-1: 95.6294
2023-02-04 11:55:22,827 - mmcls - INFO - Saving checkpoint at 104 epochs
2023-02-04 11:55:23,486 - mmcls - INFO - Epoch(val) [104][18]	accuracy_top-1: 95.9790
2023-02-04 11:55:29,406 - mmcls - INFO - Saving checkpoint at 105 epochs
2023-02-04 11:55:30,135 - mmcls - INFO - Epoch(val) [105][18]	accuracy_top-1: 96.3287
2023-02-04 11:55:35,949 - mmcls - INFO - Saving checkpoint at 106 epochs
2023-02-04 11:55:36,605 - mmcls - INFO - Epoch(val) [106][18]	accuracy_top-1: 96.1538
2023-02-04 11:55:42,560 - mmcls - INFO - Saving checkpoint at 107 epochs
2023-02-04 11:55:43,214 - mmcls - INFO - Epoch(val) [107][18]	accuracy_top-1: 95.9790
2023-02-04 11:55:49,067 - mmcls - INFO - Saving checkpoint at 108 epochs
2023-02-04 11:55:49,794 - mmcls - INFO - Epoch(val) [108][18]	accuracy_top-1: 95.9790
2023-02-04 11:55:55,545 - mmcls - INFO - Saving checkpoint at 109 epochs
2023-02-04 11:55:56,259 - mmcls - INFO - Epoch(val) [109][18]	accuracy_top-1: 95.6294
2023-02-04 11:56:02,108 - mmcls - INFO - Saving checkpoint at 110 epochs
2023-02-04 11:56:02,763 - mmcls - INFO - Epoch(val) [110][18]	accuracy_top-1: 96.5035
2023-02-04 11:56:08,762 - mmcls - INFO - Saving checkpoint at 111 epochs
2023-02-04 11:56:09,419 - mmcls - INFO - Epoch(val) [111][18]	accuracy_top-1: 96.1538
2023-02-04 11:56:15,316 - mmcls - INFO - Saving checkpoint at 112 epochs
2023-02-04 11:56:15,963 - mmcls - INFO - Epoch(val) [112][18]	accuracy_top-1: 96.3287
2023-02-04 11:56:21,706 - mmcls - INFO - Saving checkpoint at 113 epochs
2023-02-04 11:56:22,354 - mmcls - INFO - Epoch(val) [113][18]	accuracy_top-1: 95.6294
2023-02-04 11:56:28,318 - mmcls - INFO - Saving checkpoint at 114 epochs
2023-02-04 11:56:28,983 - mmcls - INFO - Epoch(val) [114][18]	accuracy_top-1: 95.9790
2023-02-04 11:56:34,763 - mmcls - INFO - Saving checkpoint at 115 epochs
2023-02-04 11:56:35,418 - mmcls - INFO - Epoch(val) [115][18]	accuracy_top-1: 95.9790
2023-02-04 11:56:41,254 - mmcls - INFO - Saving checkpoint at 116 epochs
2023-02-04 11:56:41,904 - mmcls - INFO - Epoch(val) [116][18]	accuracy_top-1: 96.1538
2023-02-04 11:56:47,698 - mmcls - INFO - Saving checkpoint at 117 epochs
2023-02-04 11:56:48,414 - mmcls - INFO - Epoch(val) [117][18]	accuracy_top-1: 96.5035
2023-02-04 11:56:54,174 - mmcls - INFO - Saving checkpoint at 118 epochs
2023-02-04 11:56:54,869 - mmcls - INFO - Epoch(val) [118][18]	accuracy_top-1: 95.9790
2023-02-04 11:57:00,644 - mmcls - INFO - Saving checkpoint at 119 epochs
2023-02-04 11:57:01,343 - mmcls - INFO - Epoch(val) [119][18]	accuracy_top-1: 95.9790
2023-02-04 11:57:07,082 - mmcls - INFO - Saving checkpoint at 120 epochs
2023-02-04 11:57:07,784 - mmcls - INFO - Epoch(val) [120][18]	accuracy_top-1: 96.1538
2023-02-04 11:57:13,516 - mmcls - INFO - Saving checkpoint at 121 epochs
2023-02-04 11:57:14,216 - mmcls - INFO - Epoch(val) [121][18]	accuracy_top-1: 96.1538
2023-02-04 11:57:19,940 - mmcls - INFO - Saving checkpoint at 122 epochs
2023-02-04 11:57:20,635 - mmcls - INFO - Epoch(val) [122][18]	accuracy_top-1: 95.9790
2023-02-04 11:57:26,368 - mmcls - INFO - Saving checkpoint at 123 epochs
2023-02-04 11:57:27,061 - mmcls - INFO - Epoch(val) [123][18]	accuracy_top-1: 95.9790
2023-02-04 11:57:32,785 - mmcls - INFO - Saving checkpoint at 124 epochs
2023-02-04 11:57:33,475 - mmcls - INFO - Epoch(val) [124][18]	accuracy_top-1: 96.1538
2023-02-04 11:57:39,220 - mmcls - INFO - Saving checkpoint at 125 epochs
2023-02-04 11:57:39,889 - mmcls - INFO - Epoch(val) [125][18]	accuracy_top-1: 95.6294
2023-02-04 11:57:45,622 - mmcls - INFO - Saving checkpoint at 126 epochs
2023-02-04 11:57:46,285 - mmcls - INFO - Epoch(val) [126][18]	accuracy_top-1: 95.9790
2023-02-04 11:57:52,018 - mmcls - INFO - Saving checkpoint at 127 epochs
2023-02-04 11:57:52,682 - mmcls - INFO - Epoch(val) [127][18]	accuracy_top-1: 96.5035
2023-02-04 11:57:58,409 - mmcls - INFO - Saving checkpoint at 128 epochs
2023-02-04 11:57:59,069 - mmcls - INFO - Epoch(val) [128][18]	accuracy_top-1: 96.1538
2023-02-04 11:58:04,802 - mmcls - INFO - Saving checkpoint at 129 epochs
2023-02-04 11:58:05,483 - mmcls - INFO - Epoch(val) [129][18]	accuracy_top-1: 95.9790
2023-02-04 11:58:11,223 - mmcls - INFO - Saving checkpoint at 130 epochs
2023-02-04 11:58:11,883 - mmcls - INFO - Epoch(val) [130][18]	accuracy_top-1: 95.9790
2023-02-04 11:58:17,612 - mmcls - INFO - Saving checkpoint at 131 epochs
2023-02-04 11:58:18,274 - mmcls - INFO - Epoch(val) [131][18]	accuracy_top-1: 96.3287
2023-02-04 11:58:24,010 - mmcls - INFO - Saving checkpoint at 132 epochs
2023-02-04 11:58:24,669 - mmcls - INFO - Epoch(val) [132][18]	accuracy_top-1: 95.9790
2023-02-04 11:58:30,404 - mmcls - INFO - Saving checkpoint at 133 epochs
2023-02-04 11:58:31,064 - mmcls - INFO - Epoch(val) [133][18]	accuracy_top-1: 96.1538
2023-02-04 11:58:36,790 - mmcls - INFO - Saving checkpoint at 134 epochs
2023-02-04 11:58:37,452 - mmcls - INFO - Epoch(val) [134][18]	accuracy_top-1: 95.6294
2023-02-04 11:58:43,183 - mmcls - INFO - Saving checkpoint at 135 epochs
2023-02-04 11:58:43,844 - mmcls - INFO - Epoch(val) [135][18]	accuracy_top-1: 95.9790
2023-02-04 11:58:49,575 - mmcls - INFO - Saving checkpoint at 136 epochs
2023-02-04 11:58:50,235 - mmcls - INFO - Epoch(val) [136][18]	accuracy_top-1: 95.8042
2023-02-04 11:58:55,959 - mmcls - INFO - Saving checkpoint at 137 epochs
2023-02-04 11:58:56,619 - mmcls - INFO - Epoch(val) [137][18]	accuracy_top-1: 96.3287
2023-02-04 11:59:02,345 - mmcls - INFO - Saving checkpoint at 138 epochs
2023-02-04 11:59:03,009 - mmcls - INFO - Epoch(val) [138][18]	accuracy_top-1: 95.9790
2023-02-04 11:59:08,743 - mmcls - INFO - Saving checkpoint at 139 epochs
2023-02-04 11:59:09,402 - mmcls - INFO - Epoch(val) [139][18]	accuracy_top-1: 96.1538
2023-02-04 11:59:15,138 - mmcls - INFO - Saving checkpoint at 140 epochs
2023-02-04 11:59:15,800 - mmcls - INFO - Epoch(val) [140][18]	accuracy_top-1: 96.1538
2023-02-04 11:59:21,519 - mmcls - INFO - Saving checkpoint at 141 epochs
2023-02-04 11:59:22,183 - mmcls - INFO - Epoch(val) [141][18]	accuracy_top-1: 96.3287
2023-02-04 11:59:27,912 - mmcls - INFO - Saving checkpoint at 142 epochs
2023-02-04 11:59:28,571 - mmcls - INFO - Epoch(val) [142][18]	accuracy_top-1: 96.3287
2023-02-04 11:59:34,304 - mmcls - INFO - Saving checkpoint at 143 epochs
2023-02-04 11:59:34,964 - mmcls - INFO - Epoch(val) [143][18]	accuracy_top-1: 95.9790
2023-02-04 11:59:40,696 - mmcls - INFO - Saving checkpoint at 144 epochs
2023-02-04 11:59:41,360 - mmcls - INFO - Epoch(val) [144][18]	accuracy_top-1: 96.1538
2023-02-04 11:59:47,094 - mmcls - INFO - Saving checkpoint at 145 epochs
2023-02-04 11:59:47,753 - mmcls - INFO - Epoch(val) [145][18]	accuracy_top-1: 96.5035
2023-02-04 11:59:53,481 - mmcls - INFO - Saving checkpoint at 146 epochs
2023-02-04 11:59:54,142 - mmcls - INFO - Epoch(val) [146][18]	accuracy_top-1: 96.1538
2023-02-04 11:59:59,887 - mmcls - INFO - Saving checkpoint at 147 epochs
2023-02-04 12:00:00,547 - mmcls - INFO - Epoch(val) [147][18]	accuracy_top-1: 96.1538
2023-02-04 12:00:06,280 - mmcls - INFO - Saving checkpoint at 148 epochs
2023-02-04 12:00:06,954 - mmcls - INFO - Epoch(val) [148][18]	accuracy_top-1: 95.9790
2023-02-04 12:00:12,685 - mmcls - INFO - Saving checkpoint at 149 epochs
2023-02-04 12:00:13,346 - mmcls - INFO - Epoch(val) [149][18]	accuracy_top-1: 96.3287
2023-02-04 12:00:19,080 - mmcls - INFO - Saving checkpoint at 150 epochs
2023-02-04 12:00:19,751 - mmcls - INFO - Epoch(val) [150][18]	accuracy_top-1: 96.3287
